[debug] [2021-04-27T10:47:40.592Z] ----------------------------------------------------------------------
[debug] [2021-04-27T10:47:40.594Z] Command:       /usr/local/bin/node /usr/local/bin/firebase functions:shell
[debug] [2021-04-27T10:47:40.594Z] CLI Version:   9.10.0
[debug] [2021-04-27T10:47:40.594Z] Platform:      darwin
[debug] [2021-04-27T10:47:40.594Z] Node Version:  v12.18.3
[debug] [2021-04-27T10:47:40.601Z] Time:          Tue Apr 27 2021 12:47:40 GMT+0200 (GMT+02:00)
[debug] [2021-04-27T10:47:40.602Z] ----------------------------------------------------------------------
[debug] 
[debug] [2021-04-27T10:47:40.608Z] > command requires scopes: ["email","openid","https://www.googleapis.com/auth/cloudplatformprojects.readonly","https://www.googleapis.com/auth/firebase","https://www.googleapis.com/auth/cloud-platform"]
[debug] [2021-04-27T10:47:40.608Z] > authorizing via signed-in user (vilgeir@gmail.com)
[debug] [2021-04-27T10:47:40.608Z] [iam] checking project doffin-bach for permissions ["firebase.projects.get"]
[debug] [2021-04-27T10:47:40.610Z] > refreshing access token with scopes: ["email","https://www.googleapis.com/auth/cloud-platform","https://www.googleapis.com/auth/cloudplatformprojects.readonly","https://www.googleapis.com/auth/firebase","openid"]
[debug] [2021-04-27T10:47:40.611Z] >>> HTTP REQUEST POST https://www.googleapis.com/oauth2/v3/token  
 <request body omitted>
[debug] [2021-04-27T10:47:40.746Z] <<< HTTP RESPONSE 200 {"cache-control":"no-cache, no-store, max-age=0, must-revalidate","expires":"Mon, 01 Jan 1990 00:00:00 GMT","date":"Tue, 27 Apr 2021 10:47:40 GMT","pragma":"no-cache","content-type":"application/json; charset=utf-8","vary":"X-Origin, Referer, Origin,Accept-Encoding","server":"scaffolding on HTTPServer2","x-xss-protection":"0","x-frame-options":"SAMEORIGIN","x-content-type-options":"nosniff","alt-svc":"h3-29=\":443\"; ma=2592000,h3-T051=\":443\"; ma=2592000,h3-Q050=\":443\"; ma=2592000,h3-Q046=\":443\"; ma=2592000,h3-Q043=\":443\"; ma=2592000,quic=\":443\"; ma=2592000; v=\"46,43\"","accept-ranges":"none","transfer-encoding":"chunked"}
[debug] [2021-04-27T10:47:40.811Z] >>> HTTP REQUEST POST https://cloudresourcemanager.googleapis.com/v1/projects/doffin-bach:testIamPermissions  
 {"permissions":["firebase.projects.get"]}
[debug] [2021-04-27T10:47:41.585Z] <<< HTTP RESPONSE 200 {"content-type":"application/json; charset=UTF-8","vary":"X-Origin, Referer, Origin,Accept-Encoding","date":"Tue, 27 Apr 2021 10:47:41 GMT","server":"ESF","cache-control":"private","x-xss-protection":"0","x-frame-options":"SAMEORIGIN","x-content-type-options":"nosniff","server-timing":"gfet4t7; dur=721","alt-svc":"h3-29=\":443\"; ma=2592000,h3-T051=\":443\"; ma=2592000,h3-Q050=\":443\"; ma=2592000,h3-Q046=\":443\"; ma=2592000,h3-Q043=\":443\"; ma=2592000,quic=\":443\"; ma=2592000; v=\"46,43\"","accept-ranges":"none","transfer-encoding":"chunked"}
[debug] [2021-04-27T10:47:41.610Z] [functions] Using node@12 from host.
[debug] [2021-04-27T10:47:41.610Z] defaultcredentials: writing to file /Users/vilgeir/.config/firebase/vilgeir_gmail_com_application_default_credentials.json
[debug] [2021-04-27T10:47:41.612Z] DEBUG: Setting GAC to /Users/vilgeir/.config/firebase/vilgeir_gmail_com_application_default_credentials.json
[debug] [2021-04-27T10:47:41.613Z] > refreshing access token with scopes: []
[debug] [2021-04-27T10:47:41.613Z] >>> HTTP REQUEST POST https://www.googleapis.com/oauth2/v3/token  
 <request body omitted>
[debug] [2021-04-27T10:47:41.699Z] <<< HTTP RESPONSE 200 {"date":"Tue, 27 Apr 2021 10:47:41 GMT","cache-control":"no-cache, no-store, max-age=0, must-revalidate","pragma":"no-cache","expires":"Mon, 01 Jan 1990 00:00:00 GMT","content-type":"application/json; charset=utf-8","vary":"X-Origin, Referer, Origin,Accept-Encoding","server":"scaffolding on HTTPServer2","x-xss-protection":"0","x-frame-options":"SAMEORIGIN","x-content-type-options":"nosniff","alt-svc":"h3-29=\":443\"; ma=2592000,h3-T051=\":443\"; ma=2592000,h3-Q050=\":443\"; ma=2592000,h3-Q046=\":443\"; ma=2592000,h3-Q043=\":443\"; ma=2592000,quic=\":443\"; ma=2592000; v=\"46,43\"","accept-ranges":"none","transfer-encoding":"chunked"}
[debug] [2021-04-27T10:47:41.761Z] >>> [apiv2][query] GET https://firebase.googleapis.com/v1beta1/projects/doffin-bach/adminSdkConfig [none]
[debug] [2021-04-27T10:47:42.076Z] <<< [apiv2][status] GET https://firebase.googleapis.com/v1beta1/projects/doffin-bach/adminSdkConfig 200
[debug] [2021-04-27T10:47:42.076Z] <<< [apiv2][body] GET https://firebase.googleapis.com/v1beta1/projects/doffin-bach/adminSdkConfig {"projectId":"doffin-bach","databaseURL":"https://doffin-bach-default-rtdb.europe-west1.firebasedatabase.app","storageBucket":"doffin-bach.appspot.com","locationId":"europe-west"}
[debug] [2021-04-27T10:47:42.114Z] [functions] Watching "/Users/vilgeir/Desktop/doffindata/functions" for Cloud Functions...
[debug] [2021-04-27T10:47:42.125Z] DEBUG: [worker-pool] addWorker(~diagnostic~)
[debug] [2021-04-27T10:47:42.126Z] DEBUG: [worker-pool] Adding worker with key ~diagnostic~, total=1
[debug] [2021-04-27T10:47:42.126Z] DEBUG: [worker-pool] submitWork(triggerId=)
[debug] [2021-04-27T10:47:42.126Z] DEBUG: [worker-~diagnostic~-7871c547-194c-4678-b2b1-2a16c9a92923]: Assigning socketPath: /var/folders/s3/404yhvmx2vnf_7kl6jww4s8c0000gn/T/fire_emu_90390.sock
[debug] [2021-04-27T10:47:42.127Z] DEBUG: [worker-~diagnostic~-7871c547-194c-4678-b2b1-2a16c9a92923]: BUSY
[debug] [2021-04-27T10:47:42.286Z] DEBUG: [runtime-status] [90390] Functions runtime initialized. {"cwd":"/Users/vilgeir/Desktop/doffindata/functions","node_version":"12.18.3"}
[debug] [2021-04-27T10:47:42.287Z] DEBUG: [runtime-status] [90390] Disabled runtime features: undefined
[debug] [2021-04-27T10:47:42.289Z] DEBUG: [runtime-status] [90390] Resolved module firebase-admin {"declared":true,"installed":true,"version":"9.4.2","resolution":"/Users/vilgeir/Desktop/doffindata/functions/node_modules/firebase-admin/lib/index.js"}
[debug] [2021-04-27T10:47:42.290Z] DEBUG: [runtime-status] [90390] Resolved module firebase-functions {"declared":true,"installed":true,"version":"3.13.1","resolution":"/Users/vilgeir/Desktop/doffindata/functions/node_modules/firebase-functions/lib/index.js"}
[debug] [2021-04-27T10:47:42.291Z] DEBUG: [runtime-status] [90390] Resolved module firebase-functions {"declared":true,"installed":true,"version":"3.13.1","resolution":"/Users/vilgeir/Desktop/doffindata/functions/node_modules/firebase-functions/lib/index.js"}
[debug] [2021-04-27T10:47:42.292Z] DEBUG: [runtime-status] [90390] Outgoing network have been stubbed. [{"name":"http","status":"mocked"},{"name":"http","status":"mocked"},{"name":"https","status":"mocked"},{"name":"https","status":"mocked"},{"name":"net","status":"mocked"}]
[debug] [2021-04-27T10:47:42.292Z] DEBUG: [runtime-status] [90390] Resolved module firebase-functions {"declared":true,"installed":true,"version":"3.13.1","resolution":"/Users/vilgeir/Desktop/doffindata/functions/node_modules/firebase-functions/lib/index.js"}
[debug] [2021-04-27T10:47:42.350Z] DEBUG: [runtime-status] [90390] Checked functions.config() {"config":{}}
[debug] [2021-04-27T10:47:42.350Z] DEBUG: [runtime-status] [90390] firebase-functions has been stubbed. {"functionsResolution":{"declared":true,"installed":true,"version":"3.13.1","resolution":"/Users/vilgeir/Desktop/doffindata/functions/node_modules/firebase-functions/lib/index.js"}}
[debug] [2021-04-27T10:47:42.350Z] DEBUG: [runtime-status] [90390] Resolved module firebase-functions {"declared":true,"installed":true,"version":"3.13.1","resolution":"/Users/vilgeir/Desktop/doffindata/functions/node_modules/firebase-functions/lib/index.js"}
[debug] [2021-04-27T10:47:42.351Z] DEBUG: [runtime-status] [90390] Resolved module firebase-admin {"declared":true,"installed":true,"version":"9.4.2","resolution":"/Users/vilgeir/Desktop/doffindata/functions/node_modules/firebase-admin/lib/index.js"}
[debug] [2021-04-27T10:47:42.351Z] DEBUG: [runtime-status] [90390] Resolved module firebase-functions {"declared":true,"installed":true,"version":"3.13.1","resolution":"/Users/vilgeir/Desktop/doffindata/functions/node_modules/firebase-functions/lib/index.js"}
[debug] [2021-04-27T10:47:42.351Z] DEBUG: [runtime-status] [90390] firebase-admin has been stubbed. {"adminResolution":{"declared":true,"installed":true,"version":"9.4.2","resolution":"/Users/vilgeir/Desktop/doffindata/functions/node_modules/firebase-admin/lib/index.js"}}
[warn] ⚠  It looks like you're trying to access functions.config().algolia but there is no value there. You can learn more about setting up config here: https://firebase.google.com/docs/functions/local-emulator {"metadata":{"emulator":{"name":"functions"},"message":"It looks like you're trying to access functions.config().algolia but there is no value there. You can learn more about setting up config here: https://firebase.google.com/docs/functions/local-emulator"}}
[warn] ⚠  TypeError: Cannot read property 'app' of undefined
    at Object.<anonymous> (/Users/vilgeir/Desktop/doffindata/functions/index.js:4:42)
    at Module._compile (internal/modules/cjs/loader.js:1137:30)
    at Object.Module._extensions..js (internal/modules/cjs/loader.js:1157:10)
    at Module.load (internal/modules/cjs/loader.js:985:32)
    at Function.Module._load (internal/modules/cjs/loader.js:878:14)
    at Module.require (internal/modules/cjs/loader.js:1025:19)
    at require (internal/modules/cjs/helpers.js:72:18)
    at initializeRuntime (/usr/local/lib/node_modules/firebase-tools/lib/emulator/functionsEmulatorRuntime.js:680:29)
    at processTicksAndRejections (internal/process/task_queues.js:97:5)
    at async handleMessage (/usr/local/lib/node_modules/firebase-tools/lib/emulator/functionsEmulatorRuntime.js:718:20) {"metadata":{"emulator":{"name":"functions"},"message":"TypeError: Cannot read property 'app' of undefined\n    at Object.<anonymous> (/Users/vilgeir/Desktop/doffindata/functions/index.js:4:42)\n    at Module._compile (internal/modules/cjs/loader.js:1137:30)\n    at Object.Module._extensions..js (internal/modules/cjs/loader.js:1157:10)\n    at Module.load (internal/modules/cjs/loader.js:985:32)\n    at Function.Module._load (internal/modules/cjs/loader.js:878:14)\n    at Module.require (internal/modules/cjs/loader.js:1025:19)\n    at require (internal/modules/cjs/helpers.js:72:18)\n    at initializeRuntime (/usr/local/lib/node_modules/firebase-tools/lib/emulator/functionsEmulatorRuntime.js:680:29)\n    at processTicksAndRejections (internal/process/task_queues.js:97:5)\n    at async handleMessage (/usr/local/lib/node_modules/firebase-tools/lib/emulator/functionsEmulatorRuntime.js:718:20)"}}
[warn] ⚠  We were unable to load your functions code. (see above) {"metadata":{"emulator":{"name":"functions"}}}
[debug] [2021-04-27T10:47:42.396Z] DEBUG: [worker-~diagnostic~-7871c547-194c-4678-b2b1-2a16c9a92923]: exited
[debug] [2021-04-27T10:47:42.397Z] DEBUG: [worker-~diagnostic~-7871c547-194c-4678-b2b1-2a16c9a92923]: FINISHED
